生成启动时间为 2022/4/14 10:09:20。
     1>项目“C:\Users\26678\Desktop\烟花\烟花\烟花.vcxproj”在节点 2 上(Build 个目标)。
     1>ClCompile:
         D:\visual studio2015\VC\bin\CL.exe /c /ZI /nologo /W3 /WX- /Od /Oy- /D WIN32 /D _DEBUG /D _CONSOLE /D _MBCS /Gm /EHsc /RTC1 /MDd /GS /fp:precise /Zc:wchar_t /Zc:forScope /Zc:inline /Fo"Debug\\" /Fd"Debug\vc140.pdb" /Gd /TP /analyze- /errorReport:prompt main.cpp
         main.cpp
     1>c:\users\26678\desktop\烟花\烟花\main.cpp(53): warning C4244: “初始化”: 从“double”转换到“int”，可能丢失数据
     1>c:\users\26678\desktop\烟花\烟花\main.cpp(54): warning C4244: “初始化”: 从“double”转换到“int”，可能丢失数据
     1>c:\users\26678\desktop\烟花\烟花\main.cpp(58): warning C4244: “参数”: 从“double”转换到“int”，可能丢失数据
     1>c:\users\26678\desktop\烟花\烟花\main.cpp(184): warning C4996: 'sprintf': This function or variable may be unsafe. Consider using sprintf_s instead. To disable deprecation, use _CRT_SECURE_NO_WARNINGS. See online help for details.
         c:\program files (x86)\windows kits\10\include\10.0.10150.0\ucrt\stdio.h(1769): note: 参见“sprintf”的声明
     1>c:\users\26678\desktop\烟花\烟花\main.cpp(185): warning C4996: 'sprintf': This function or variable may be unsafe. Consider using sprintf_s instead. To disable deprecation, use _CRT_SECURE_NO_WARNINGS. See online help for details.
         c:\program files (x86)\windows kits\10\include\10.0.10150.0\ucrt\stdio.h(1769): note: 参见“sprintf”的声明
     1>c:\users\26678\desktop\烟花\烟花\main.cpp(266): warning C4996: 'sprintf': This function or variable may be unsafe. Consider using sprintf_s instead. To disable deprecation, use _CRT_SECURE_NO_WARNINGS. See online help for details.
         c:\program files (x86)\windows kits\10\include\10.0.10150.0\ucrt\stdio.h(1769): note: 参见“sprintf”的声明
     1>c:\users\26678\desktop\烟花\烟花\main.cpp(305): warning C4996: 'sprintf': This function or variable may be unsafe. Consider using sprintf_s instead. To disable deprecation, use _CRT_SECURE_NO_WARNINGS. See online help for details.
         c:\program files (x86)\windows kits\10\include\10.0.10150.0\ucrt\stdio.h(1769): note: 参见“sprintf”的声明
     1>c:\users\26678\desktop\烟花\烟花\main.cpp(398): warning C4996: 'kbhit': The POSIX name for this item is deprecated. Instead, use the ISO C and C++ conformant name: _kbhit. See online help for details.
         c:\program files (x86)\windows kits\10\include\10.0.10150.0\ucrt\conio.h(458): note: 参见“kbhit”的声明
       Link:
         D:\visual studio2015\VC\bin\link.exe /ERRORREPORT:PROMPT /OUT:"C:\Users\26678\Desktop\烟花\Debug\烟花.exe" /INCREMENTAL /NOLOGO kernel32.lib user32.lib gdi32.lib winspool.lib comdlg32.lib advapi32.lib shell32.lib ole32.lib oleaut32.lib uuid.lib odbc32.lib odbccp32.lib /MANIFEST /MANIFESTUAC:"level='asInvoker' uiAccess='false'" /manifest:embed /Debug /PDB:"C:\Users\26678\Desktop\烟花\Debug\烟花.pdb" /SUBSYSTEM:CONSOLE /TLBID:1 /DYNAMICBASE /NXCOMPAT /IMPLIB:"C:\Users\26678\Desktop\烟花\Debug\烟花.lib" /MACHINE:X86 Debug\main.obj
         烟花.vcxproj -> C:\Users\26678\Desktop\烟花\Debug\烟花.exe
     1>已完成生成项目“C:\Users\26678\Desktop\烟花\烟花\烟花.vcxproj”(Build 个目标)的操作。

已成功生成。

已用时间 00:00:01.57
